# JRE version: OpenJDK Runtime Environment (17.0.6) (build 17.0.6+0-b2043.56-9586694)
# Java VM: OpenJDK 64-Bit Server VM (17.0.6+0-b2043.56-9586694, mixed mode, tiered, compressed oops, compressed class ptrs, g1 gc, windows-amd64)
GC Precious Log:
 CPUs: 2 total, 2 available
 Memory: 4095M
 Large Page Support: Disabled
 NUMA Support: Disabled
 Compressed Oops: Enabled (32-bit)
 Heap Region Size: 1M
 Heap Min Capacity: 8M
 Heap Initial Capacity: 64M
 Heap Max Capacity: 2G
 Pre-touch: Disabled
 Parallel Workers: 2
 Concurrent Workers: 1
 Concurrent Refinement Workers: 2
 Periodic GC: Disabled
Heap:
 garbage-first heap   total 258048K, used 93777K [0x0000000080000000, 0x0000000100000000)
  region size 1024K, 4 young (4096K), 1 survivors (1024K)
 Metaspace       used 92487K, committed 93184K, reserved 1130496K
  class space    used 12518K, committed 12864K, reserved 1048576K
GC Heap History (20 events):
Event: 106.090 GC heap before
{Heap before GC invocations=29 (full 0):
 garbage-first heap   total 114688K, used 87361K [0x0000000080000000, 0x0000000100000000)
  region size 1024K, 30 young (30720K), 4 survivors (4096K)
 Metaspace       used 70166K, committed 70656K, reserved 1114112K
  class space    used 9218K, committed 9472K, reserved 1048576K
}
Event: 106.112 GC heap after
{Heap after GC invocations=30 (full 0):
 garbage-first heap   total 114688K, used 61058K [0x0000000080000000, 0x0000000100000000)
  region size 1024K, 2 young (2048K), 2 survivors (2048K)
 Metaspace       used 70166K, committed 70656K, reserved 1114112K
  class space    used 9218K, committed 9472K, reserved 1048576K
}
Event: 107.101 GC heap before
{Heap before GC invocations=30 (full 0):
 garbage-first heap   total 114688K, used 88706K [0x0000000080000000, 0x0000000100000000)
  region size 1024K, 29 young (29696K), 2 survivors (2048K)
 Metaspace       used 70539K, committed 71104K, reserved 1114112K
  class space    used 9276K, committed 9536K, reserved 1048576K
}
Event: 107.149 GC heap after
{Heap after GC invocations=31 (full 0):
 garbage-first heap   total 138240K, used 63773K [0x0000000080000000, 0x0000000100000000)
  region size 1024K, 4 young (4096K), 4 survivors (4096K)
 Metaspace       used 70539K, committed 71104K, reserved 1114112K
  class space    used 9276K, committed 9536K, reserved 1048576K
}
Event: 110.430 GC heap before
{Heap before GC invocations=32 (full 0):
 garbage-first heap   total 138240K, used 105757K [0x0000000080000000, 0x0000000100000000)
  region size 1024K, 45 young (46080K), 4 survivors (4096K)
 Metaspace       used 74104K, committed 74624K, reserved 1114112K
  class space    used 9894K, committed 10112K, reserved 1048576K
}
Event: 110.462 GC heap after
{Heap after GC invocations=33 (full 0):
 garbage-first heap   total 138240K, used 66926K [0x0000000080000000, 0x0000000100000000)
  region size 1024K, 6 young (6144K), 6 survivors (6144K)
 Metaspace       used 74104K, committed 74624K, reserved 1114112K
  class space    used 9894K, committed 10112K, reserved 1048576K
}
Event: 113.767 GC heap before
{Heap before GC invocations=33 (full 0):
 garbage-first heap   total 138240K, used 108910K [0x0000000080000000, 0x0000000100000000)
  region size 1024K, 47 young (48128K), 6 survivors (6144K)
 Metaspace       used 78623K, committed 79168K, reserved 1122304K
  class space    used 10582K, committed 10816K, reserved 1048576K
}
Event: 113.811 GC heap after
{Heap after GC invocations=34 (full 0):
 garbage-first heap   total 138240K, used 70120K [0x0000000080000000, 0x0000000100000000)
  region size 1024K, 6 young (6144K), 6 survivors (6144K)
 Metaspace       used 78623K, committed 79168K, reserved 1122304K
  class space    used 10582K, committed 10816K, reserved 1048576K
}
Event: 117.773 GC heap before
{Heap before GC invocations=34 (full 0):
 garbage-first heap   total 138240K, used 110056K [0x0000000080000000, 0x0000000100000000)
  region size 1024K, 45 young (46080K), 6 survivors (6144K)
 Metaspace       used 83183K, committed 83840K, reserved 1122304K
  class space    used 11271K, committed 11584K, reserved 1048576K
}
Event: 117.815 GC heap after
{Heap after GC invocations=35 (full 0):
 garbage-first heap   total 138240K, used 73406K [0x0000000080000000, 0x0000000100000000)
  region size 1024K, 3 young (3072K), 3 survivors (3072K)
 Metaspace       used 83183K, committed 83840K, reserved 1122304K
  class space    used 11271K, committed 11584K, reserved 1048576K
}
Event: 120.630 GC heap before
{Heap before GC invocations=36 (full 0):
 garbage-first heap   total 138240K, used 112318K [0x0000000080000000, 0x0000000100000000)
  region size 1024K, 41 young (41984K), 3 survivors (3072K)
 Metaspace       used 86154K, committed 86784K, reserved 1130496K
  class space    used 11666K, committed 11968K, reserved 1048576K
}
Event: 120.667 GC heap after
{Heap after GC invocations=37 (full 0):
 garbage-first heap   total 138240K, used 77312K [0x0000000080000000, 0x0000000100000000)
  region size 1024K, 6 young (6144K), 6 survivors (6144K)
 Metaspace       used 86154K, committed 86784K, reserved 1130496K
  class space    used 11666K, committed 11968K, reserved 1048576K
}
Event: 120.746 GC heap before
{Heap before GC invocations=37 (full 0):
 garbage-first heap   total 138240K, used 78336K [0x0000000080000000, 0x0000000100000000)
  region size 1024K, 7 young (7168K), 6 survivors (6144K)
 Metaspace       used 86195K, committed 86848K, reserved 1130496K
  class space    used 11671K, committed 11968K, reserved 1048576K
}
Event: 120.776 GC heap after
{Heap after GC invocations=38 (full 0):
 garbage-first heap   total 138240K, used 77596K [0x0000000080000000, 0x0000000100000000)
  region size 1024K, 1 young (1024K), 1 survivors (1024K)
 Metaspace       used 86195K, committed 86848K, reserved 1130496K
  class space    used 11671K, committed 11968K, reserved 1048576K
}
Event: 121.568 GC heap before
{Heap before GC invocations=38 (full 0):
 garbage-first heap   total 138240K, used 112412K [0x0000000080000000, 0x0000000100000000)
  region size 1024K, 35 young (35840K), 1 survivors (1024K)
 Metaspace       used 86278K, committed 86848K, reserved 1130496K
  class space    used 11680K, committed 11968K, reserved 1048576K
}
Event: 121.602 GC heap after
{Heap after GC invocations=39 (full 0):
 garbage-first heap   total 258048K, used 82915K [0x0000000080000000, 0x0000000100000000)
  region size 1024K, 5 young (5120K), 5 survivors (5120K)
 Metaspace       used 86278K, committed 86848K, reserved 1130496K
  class space    used 11680K, committed 11968K, reserved 1048576K
}
Event: 141.021 GC heap before
{Heap before GC invocations=40 (full 0):
 garbage-first heap   total 258048K, used 187363K [0x0000000080000000, 0x0000000100000000)
  region size 1024K, 108 young (110592K), 5 survivors (5120K)
 Metaspace       used 92069K, committed 92800K, reserved 1130496K
  class space    used 12465K, committed 12800K, reserved 1048576K
}
Event: 141.100 GC heap after
{Heap after GC invocations=41 (full 0):
 garbage-first heap   total 258048K, used 91526K [0x0000000080000000, 0x0000000100000000)
  region size 1024K, 14 young (14336K), 14 survivors (14336K)
 Metaspace       used 92069K, committed 92800K, reserved 1130496K
  class space    used 12465K, committed 12800K, reserved 1048576K
}
Event: 141.385 GC heap before
{Heap before GC invocations=41 (full 0):
 garbage-first heap   total 258048K, used 92550K [0x0000000080000000, 0x0000000100000000)
  region size 1024K, 15 young (15360K), 14 survivors (14336K)
 Metaspace       used 92262K, committed 92928K, reserved 1130496K
  class space    used 12495K, committed 12800K, reserved 1048576K
}
Event: 141.440 GC heap after
{Heap after GC invocations=42 (full 0):
 garbage-first heap   total 258048K, used 91729K [0x0000000080000000, 0x0000000100000000)
  region size 1024K, 1 young (1024K), 1 survivors (1024K)
 Metaspace       used 92262K, committed 92928K, reserved 1130496K
  class space    used 12495K, committed 12800K, reserved 1048576K
}

